<?xml version="1.0" encoding="UTF-8"?>
<!-- Generated by org.testng.reporters.JUnitReportReporter -->
<testsuite hostname="DESKTOP-TFUBFDT" failures="0" tests="2" name="Academy.HomePage" time="10.029" errors="0" timestamp="2020-08-15T10:28:36 PDT" skipped="0">
  <testcase classname="Academy.HomePage" name="basePageNavigation" time="3.542"/>
  <system-out/>
  <testcase classname="Academy.HomePage" name="basePageNavigation" time="6.487"/>
  <system-out/>
</testsuite> <!-- Academy.HomePage -->
