<?xml version="1.0" encoding="UTF-8"?>
<!-- Generated by org.testng.reporters.JUnitReportReporter -->
<testsuite hostname="DESKTOP-TFUBFDT" failures="0" tests="2" name="Academy.HomePage" time="10.502" errors="0" timestamp="26 Aug 2020 06:25:39 GMT">
  <testcase classname="Academy.HomePage" name="basePageNavigation" time="7.453"/>
  <testcase classname="Academy.HomePage" name="basePageNavigation" time="3.049"/>
</testsuite> <!-- Academy.HomePage -->
