<?xml version="1.0" encoding="UTF-8"?>
<!-- Generated by org.testng.reporters.JUnitReportReporter -->
<testsuite hostname="DESKTOP-TFUBFDT" failures="0" tests="1" name="Academy.validateNavigationBar" time="0.134" errors="0" timestamp="26 Aug 2020 06:25:39 GMT">
  <testcase classname="Academy.validateNavigationBar" name="validateAppNavBar" time="0.134"/>
</testsuite> <!-- Academy.validateNavigationBar -->
